{"/Users/caue/dev/gostack/nivel3/appgobarber/src/components/Button/index.tsx": {"path":"/Users/caue/dev/gostack/nivel3/appgobarber/src/components/Button/index.tsx","statementMap":{"0":{"start":{"line":11,"column":38},"end":{"line":17,"column":1}},"1":{"start":{"line":12,"column":2},"end":{"line":16,"column":14}}},"fnMap":{"0":{"name":"(anonymous_0)","decl":{"start":{"line":11,"column":38},"end":{"line":11,"column":39}},"loc":{"start":{"line":12,"column":2},"end":{"line":16,"column":14}},"line":12}},"branchMap":{},"s":{"0":1,"1":1},"f":{"0":1},"b":{},"_coverageSchema":"1a1c01bbd47fc00a2c39e90264f33305004495a9","hash":"8d92d235a1e3e6f8095c2f0dfdeece9b7de3879f"}
,"/Users/caue/dev/gostack/nivel3/appgobarber/src/components/Input/index.tsx": {"path":"/Users/caue/dev/gostack/nivel3/appgobarber/src/components/Input/index.tsx","statementMap":{"0":{"start":{"line":23,"column":66},"end":{"line":92,"column":1}},"1":{"start":{"line":28,"column":26},"end":{"line":28,"column":43}},"2":{"start":{"line":31,"column":6},"end":{"line":31,"column":20}},"3":{"start":{"line":33,"column":24},"end":{"line":33,"column":76}},"4":{"start":{"line":35,"column":36},"end":{"line":35,"column":51}},"5":{"start":{"line":36,"column":34},"end":{"line":36,"column":49}},"6":{"start":{"line":38,"column":27},"end":{"line":40,"column":8}},"7":{"start":{"line":39,"column":4},"end":{"line":39,"column":23}},"8":{"start":{"line":42,"column":26},"end":{"line":49,"column":8}},"9":{"start":{"line":43,"column":4},"end":{"line":43,"column":24}},"10":{"start":{"line":44,"column":4},"end":{"line":48,"column":5}},"11":{"start":{"line":45,"column":6},"end":{"line":45,"column":24}},"12":{"start":{"line":47,"column":6},"end":{"line":47,"column":25}},"13":{"start":{"line":51,"column":2},"end":{"line":55,"column":6}},"14":{"start":{"line":51,"column":34},"end":{"line":55,"column":3}},"15":{"start":{"line":53,"column":6},"end":{"line":53,"column":38}},"16":{"start":{"line":57,"column":2},"end":{"line":71,"column":33}},"17":{"start":{"line":58,"column":4},"end":{"line":70,"column":7}},"18":{"start":{"line":63,"column":8},"end":{"line":63,"column":44}},"19":{"start":{"line":64,"column":8},"end":{"line":64,"column":64}},"20":{"start":{"line":67,"column":8},"end":{"line":67,"column":41}},"21":{"start":{"line":68,"column":8},"end":{"line":68,"column":40}},"22":{"start":{"line":73,"column":2},"end":{"line":91,"column":4}},"23":{"start":{"line":86,"column":10},"end":{"line":86,"column":46}}},"fnMap":{"0":{"name":"(anonymous_0)","decl":{"start":{"line":23,"column":66},"end":{"line":23,"column":67}},"loc":{"start":{"line":27,"column":5},"end":{"line":92,"column":1}},"line":27},"1":{"name":"(anonymous_1)","decl":{"start":{"line":38,"column":39},"end":{"line":38,"column":40}},"loc":{"start":{"line":38,"column":45},"end":{"line":40,"column":3}},"line":38},"2":{"name":"(anonymous_2)","decl":{"start":{"line":42,"column":38},"end":{"line":42,"column":39}},"loc":{"start":{"line":42,"column":44},"end":{"line":49,"column":3}},"line":42},"3":{"name":"(anonymous_3)","decl":{"start":{"line":51,"column":27},"end":{"line":51,"column":28}},"loc":{"start":{"line":51,"column":34},"end":{"line":55,"column":3}},"line":51},"4":{"name":"(anonymous_4)","decl":{"start":{"line":52,"column":4},"end":{"line":52,"column":5}},"loc":{"start":{"line":52,"column":12},"end":{"line":54,"column":5}},"line":52},"5":{"name":"(anonymous_5)","decl":{"start":{"line":57,"column":12},"end":{"line":57,"column":13}},"loc":{"start":{"line":57,"column":18},"end":{"line":71,"column":3}},"line":57},"6":{"name":"(anonymous_6)","decl":{"start":{"line":62,"column":6},"end":{"line":62,"column":7}},"loc":{"start":{"line":62,"column":39},"end":{"line":65,"column":7}},"line":62},"7":{"name":"(anonymous_7)","decl":{"start":{"line":66,"column":6},"end":{"line":66,"column":7}},"loc":{"start":{"line":66,"column":19},"end":{"line":69,"column":7}},"line":66},"8":{"name":"(anonymous_8)","decl":{"start":{"line":85,"column":22},"end":{"line":85,"column":23}},"loc":{"start":{"line":85,"column":33},"end":{"line":87,"column":9}},"line":85}},"branchMap":{"0":{"loc":{"start":{"line":25,"column":16},"end":{"line":25,"column":35}},"type":"default-arg","locations":[{"start":{"line":25,"column":33},"end":{"line":25,"column":35}}],"line":25},"1":{"loc":{"start":{"line":30,"column":19},"end":{"line":30,"column":36}},"type":"default-arg","locations":[{"start":{"line":30,"column":34},"end":{"line":30,"column":36}}],"line":30},"2":{"loc":{"start":{"line":44,"column":4},"end":{"line":48,"column":5}},"type":"if","locations":[{"start":{"line":44,"column":4},"end":{"line":48,"column":5}},{"start":{"line":44,"column":4},"end":{"line":48,"column":5}}],"line":44},"3":{"loc":{"start":{"line":76,"column":41},"end":{"line":76,"column":86}},"type":"cond-expr","locations":[{"start":{"line":76,"column":65},"end":{"line":76,"column":74}},{"start":{"line":76,"column":77},"end":{"line":76,"column":86}}],"line":76},"4":{"loc":{"start":{"line":76,"column":41},"end":{"line":76,"column":62}},"type":"binary-expr","locations":[{"start":{"line":76,"column":41},"end":{"line":76,"column":50}},{"start":{"line":76,"column":54},"end":{"line":76,"column":62}}],"line":76}},"s":{"0":1,"1":2,"2":2,"3":2,"4":2,"5":2,"6":2,"7":0,"8":2,"9":0,"10":0,"11":0,"12":0,"13":2,"14":1,"15":0,"16":2,"17":2,"18":0,"19":0,"20":0,"21":0,"22":2,"23":0},"f":{"0":2,"1":0,"2":0,"3":1,"4":0,"5":2,"6":0,"7":0,"8":0},"b":{"0":[2],"1":[2],"2":[0,0],"3":[0,2],"4":[2,2]},"_coverageSchema":"1a1c01bbd47fc00a2c39e90264f33305004495a9","hash":"6c7de4cf68ed578e81f985a3b39306334fe3b5b3"}
,"/Users/caue/dev/gostack/nivel3/appgobarber/src/hooks/auth.tsx": {"path":"/Users/caue/dev/gostack/nivel3/appgobarber/src/hooks/auth.tsx","statementMap":{"0":{"start":{"line":37,"column":20},"end":{"line":37,"column":73}},"1":{"start":{"line":39,"column":38},"end":{"line":101,"column":1}},"2":{"start":{"line":40,"column":26},"end":{"line":40,"column":62}},"3":{"start":{"line":41,"column":32},"end":{"line":41,"column":46}},"4":{"start":{"line":43,"column":2},"end":{"line":56,"column":9}},"5":{"start":{"line":45,"column":28},"end":{"line":47,"column":26}},"6":{"start":{"line":49,"column":6},"end":{"line":52,"column":7}},"7":{"start":{"line":50,"column":8},"end":{"line":50,"column":66}},"8":{"start":{"line":51,"column":8},"end":{"line":51,"column":64}},"9":{"start":{"line":53,"column":6},"end":{"line":53,"column":24}},"10":{"start":{"line":55,"column":4},"end":{"line":55,"column":23}},"11":{"start":{"line":58,"column":17},"end":{"line":74,"column":8}},"12":{"start":{"line":59,"column":21},"end":{"line":62,"column":6}},"13":{"start":{"line":64,"column":28},"end":{"line":64,"column":41}},"14":{"start":{"line":66,"column":4},"end":{"line":69,"column":7}},"15":{"start":{"line":71,"column":4},"end":{"line":71,"column":59}},"16":{"start":{"line":73,"column":4},"end":{"line":73,"column":29}},"17":{"start":{"line":76,"column":18},"end":{"line":80,"column":8}},"18":{"start":{"line":77,"column":4},"end":{"line":77,"column":74}},"19":{"start":{"line":79,"column":4},"end":{"line":79,"column":29}},"20":{"start":{"line":82,"column":21},"end":{"line":91,"column":3}},"21":{"start":{"line":84,"column":6},"end":{"line":84,"column":73}},"22":{"start":{"line":85,"column":6},"end":{"line":88,"column":9}},"23":{"start":{"line":93,"column":2},"end":{"line":100,"column":4}},"24":{"start":{"line":104,"column":18},"end":{"line":104,"column":41}},"25":{"start":{"line":106,"column":2},"end":{"line":108,"column":3}},"26":{"start":{"line":107,"column":4},"end":{"line":107,"column":67}},"27":{"start":{"line":109,"column":2},"end":{"line":109,"column":17}}},"fnMap":{"0":{"name":"(anonymous_0)","decl":{"start":{"line":39,"column":38},"end":{"line":39,"column":39}},"loc":{"start":{"line":39,"column":56},"end":{"line":101,"column":1}},"line":39},"1":{"name":"(anonymous_1)","decl":{"start":{"line":43,"column":12},"end":{"line":43,"column":13}},"loc":{"start":{"line":43,"column":18},"end":{"line":56,"column":3}},"line":43},"2":{"name":"loadStoragedData","decl":{"start":{"line":44,"column":19},"end":{"line":44,"column":35}},"loc":{"start":{"line":44,"column":53},"end":{"line":54,"column":5}},"line":44},"3":{"name":"(anonymous_3)","decl":{"start":{"line":58,"column":29},"end":{"line":58,"column":30}},"loc":{"start":{"line":58,"column":60},"end":{"line":74,"column":3}},"line":58},"4":{"name":"(anonymous_4)","decl":{"start":{"line":76,"column":30},"end":{"line":76,"column":31}},"loc":{"start":{"line":76,"column":42},"end":{"line":80,"column":3}},"line":76},"5":{"name":"(anonymous_5)","decl":{"start":{"line":83,"column":4},"end":{"line":83,"column":5}},"loc":{"start":{"line":83,"column":26},"end":{"line":89,"column":5}},"line":83},"6":{"name":"useAuth","decl":{"start":{"line":103,"column":16},"end":{"line":103,"column":23}},"loc":{"start":{"line":103,"column":43},"end":{"line":110,"column":1}},"line":103}},"branchMap":{"0":{"loc":{"start":{"line":49,"column":6},"end":{"line":52,"column":7}},"type":"if","locations":[{"start":{"line":49,"column":6},"end":{"line":52,"column":7}},{"start":{"line":49,"column":6},"end":{"line":52,"column":7}}],"line":49},"1":{"loc":{"start":{"line":49,"column":10},"end":{"line":49,"column":29}},"type":"binary-expr","locations":[{"start":{"line":49,"column":10},"end":{"line":49,"column":18}},{"start":{"line":49,"column":22},"end":{"line":49,"column":29}}],"line":49},"2":{"loc":{"start":{"line":106,"column":2},"end":{"line":108,"column":3}},"type":"if","locations":[{"start":{"line":106,"column":2},"end":{"line":108,"column":3}},{"start":{"line":106,"column":2},"end":{"line":108,"column":3}}],"line":106}},"s":{"0":1,"1":1,"2":0,"3":0,"4":0,"5":0,"6":0,"7":0,"8":0,"9":0,"10":0,"11":0,"12":0,"13":0,"14":0,"15":0,"16":0,"17":0,"18":0,"19":0,"20":0,"21":0,"22":0,"23":0,"24":1,"25":1,"26":0,"27":1},"f":{"0":0,"1":0,"2":0,"3":0,"4":0,"5":0,"6":1},"b":{"0":[0,0],"1":[0,0],"2":[0,1]},"_coverageSchema":"1a1c01bbd47fc00a2c39e90264f33305004495a9","hash":"21a4ca64759bbd9f3b6329b6172d1fd5ab3e53f5"}
,"/Users/caue/dev/gostack/nivel3/appgobarber/src/pages/AppointmentCreated/index.tsx": {"path":"/Users/caue/dev/gostack/nivel3/appgobarber/src/pages/AppointmentCreated/index.tsx","statementMap":{"0":{"start":{"line":14,"column":37},"end":{"line":49,"column":1}},"1":{"start":{"line":15,"column":20},"end":{"line":15,"column":35}},"2":{"start":{"line":16,"column":21},"end":{"line":16,"column":31}},"3":{"start":{"line":18,"column":22},"end":{"line":18,"column":43}},"4":{"start":{"line":20,"column":26},"end":{"line":29,"column":13}},"5":{"start":{"line":21,"column":4},"end":{"line":28,"column":7}},"6":{"start":{"line":31,"column":24},"end":{"line":35,"column":24}},"7":{"start":{"line":31,"column":38},"end":{"line":35,"column":3}},"8":{"start":{"line":37,"column":2},"end":{"line":48,"column":4}}},"fnMap":{"0":{"name":"(anonymous_0)","decl":{"start":{"line":14,"column":37},"end":{"line":14,"column":38}},"loc":{"start":{"line":14,"column":43},"end":{"line":49,"column":1}},"line":14},"1":{"name":"(anonymous_1)","decl":{"start":{"line":20,"column":38},"end":{"line":20,"column":39}},"loc":{"start":{"line":20,"column":44},"end":{"line":29,"column":3}},"line":20},"2":{"name":"(anonymous_2)","decl":{"start":{"line":31,"column":32},"end":{"line":31,"column":33}},"loc":{"start":{"line":31,"column":38},"end":{"line":35,"column":3}},"line":31}},"branchMap":{},"s":{"0":0,"1":0,"2":0,"3":0,"4":0,"5":0,"6":0,"7":0,"8":0},"f":{"0":0,"1":0,"2":0},"b":{}}
,"/Users/caue/dev/gostack/nivel3/appgobarber/src/pages/CreateAppointment/index.tsx": {"path":"/Users/caue/dev/gostack/nivel3/appgobarber/src/pages/CreateAppointment/index.tsx","statementMap":{"0":{"start":{"line":34,"column":36},"end":{"line":232,"column":1}},"1":{"start":{"line":35,"column":19},"end":{"line":35,"column":28}},"2":{"start":{"line":36,"column":16},"end":{"line":36,"column":26}},"3":{"start":{"line":37,"column":31},"end":{"line":37,"column":46}},"4":{"start":{"line":39,"column":22},"end":{"line":39,"column":49}},"5":{"start":{"line":41,"column":36},"end":{"line":41,"column":60}},"6":{"start":{"line":42,"column":50},"end":{"line":42,"column":82}},"7":{"start":{"line":43,"column":46},"end":{"line":43,"column":63}},"8":{"start":{"line":44,"column":42},"end":{"line":44,"column":62}},"9":{"start":{"line":45,"column":42},"end":{"line":45,"column":74}},"10":{"start":{"line":46,"column":42},"end":{"line":46,"column":53}},"11":{"start":{"line":48,"column":2},"end":{"line":52,"column":9}},"12":{"start":{"line":49,"column":4},"end":{"line":51,"column":7}},"13":{"start":{"line":50,"column":6},"end":{"line":50,"column":34}},"14":{"start":{"line":54,"column":23},"end":{"line":56,"column":14}},"15":{"start":{"line":55,"column":4},"end":{"line":55,"column":13}},"16":{"start":{"line":58,"column":31},"end":{"line":60,"column":8}},"17":{"start":{"line":59,"column":4},"end":{"line":59,"column":36}},"18":{"start":{"line":62,"column":33},"end":{"line":64,"column":8}},"19":{"start":{"line":63,"column":4},"end":{"line":63,"column":41}},"20":{"start":{"line":63,"column":33},"end":{"line":63,"column":39}},"21":{"start":{"line":66,"column":28},"end":{"line":72,"column":8}},"22":{"start":{"line":67,"column":4},"end":{"line":69,"column":5}},"23":{"start":{"line":68,"column":6},"end":{"line":68,"column":31}},"24":{"start":{"line":71,"column":4},"end":{"line":71,"column":40}},"25":{"start":{"line":71,"column":16},"end":{"line":71,"column":38}},"26":{"start":{"line":74,"column":2},"end":{"line":84,"column":39}},"27":{"start":{"line":75,"column":4},"end":{"line":83,"column":7}},"28":{"start":{"line":82,"column":6},"end":{"line":82,"column":37}},"29":{"start":{"line":86,"column":30},"end":{"line":92,"column":24}},"30":{"start":{"line":86,"column":44},"end":{"line":92,"column":7}},"31":{"start":{"line":87,"column":26},"end":{"line":87,"column":35}},"32":{"start":{"line":88,"column":35},"end":{"line":92,"column":5}},"33":{"start":{"line":94,"column":32},"end":{"line":100,"column":24}},"34":{"start":{"line":94,"column":46},"end":{"line":100,"column":7}},"35":{"start":{"line":95,"column":26},"end":{"line":95,"column":36}},"36":{"start":{"line":96,"column":35},"end":{"line":100,"column":5}},"37":{"start":{"line":102,"column":27},"end":{"line":104,"column":8}},"38":{"start":{"line":103,"column":4},"end":{"line":103,"column":26}},"39":{"start":{"line":106,"column":34},"end":{"line":123,"column":62}},"40":{"start":{"line":107,"column":4},"end":{"line":122,"column":5}},"41":{"start":{"line":108,"column":19},"end":{"line":108,"column":41}},"42":{"start":{"line":109,"column":6},"end":{"line":109,"column":34}},"43":{"start":{"line":110,"column":6},"end":{"line":110,"column":25}},"44":{"start":{"line":112,"column":6},"end":{"line":115,"column":9}},"45":{"start":{"line":117,"column":6},"end":{"line":119,"column":9}},"46":{"start":{"line":121,"column":6},"end":{"line":121,"column":105}},"47":{"start":{"line":125,"column":2},"end":{"line":231,"column":4}},"48":{"start":{"line":128,"column":37},"end":{"line":128,"column":50}},"49":{"start":{"line":142,"column":40},"end":{"line":142,"column":51}},"50":{"start":{"line":144,"column":14},"end":{"line":155,"column":34}},"51":{"start":{"line":145,"column":31},"end":{"line":145,"column":64}},"52":{"start":{"line":185,"column":16},"end":{"line":198,"column":23}},"53":{"start":{"line":189,"column":33},"end":{"line":189,"column":55}},"54":{"start":{"line":204,"column":16},"end":{"line":217,"column":23}},"55":{"start":{"line":208,"column":33},"end":{"line":208,"column":55}}},"fnMap":{"0":{"name":"(anonymous_0)","decl":{"start":{"line":34,"column":36},"end":{"line":34,"column":37}},"loc":{"start":{"line":34,"column":42},"end":{"line":232,"column":1}},"line":34},"1":{"name":"(anonymous_1)","decl":{"start":{"line":48,"column":12},"end":{"line":48,"column":13}},"loc":{"start":{"line":48,"column":18},"end":{"line":52,"column":3}},"line":48},"2":{"name":"(anonymous_2)","decl":{"start":{"line":49,"column":30},"end":{"line":49,"column":31}},"loc":{"start":{"line":49,"column":44},"end":{"line":51,"column":5}},"line":49},"3":{"name":"(anonymous_3)","decl":{"start":{"line":54,"column":35},"end":{"line":54,"column":36}},"loc":{"start":{"line":54,"column":41},"end":{"line":56,"column":3}},"line":54},"4":{"name":"(anonymous_4)","decl":{"start":{"line":58,"column":43},"end":{"line":58,"column":44}},"loc":{"start":{"line":58,"column":67},"end":{"line":60,"column":3}},"line":58},"5":{"name":"(anonymous_5)","decl":{"start":{"line":62,"column":45},"end":{"line":62,"column":46}},"loc":{"start":{"line":62,"column":51},"end":{"line":64,"column":3}},"line":62},"6":{"name":"(anonymous_6)","decl":{"start":{"line":63,"column":22},"end":{"line":63,"column":23}},"loc":{"start":{"line":63,"column":33},"end":{"line":63,"column":39}},"line":63},"7":{"name":"(anonymous_7)","decl":{"start":{"line":66,"column":40},"end":{"line":66,"column":41}},"loc":{"start":{"line":66,"column":80},"end":{"line":72,"column":3}},"line":66},"8":{"name":"(anonymous_8)","decl":{"start":{"line":74,"column":12},"end":{"line":74,"column":13}},"loc":{"start":{"line":74,"column":18},"end":{"line":84,"column":3}},"line":74},"9":{"name":"(anonymous_9)","decl":{"start":{"line":81,"column":12},"end":{"line":81,"column":13}},"loc":{"start":{"line":81,"column":26},"end":{"line":83,"column":5}},"line":81},"10":{"name":"(anonymous_10)","decl":{"start":{"line":86,"column":38},"end":{"line":86,"column":39}},"loc":{"start":{"line":86,"column":44},"end":{"line":92,"column":7}},"line":86},"11":{"name":"(anonymous_11)","decl":{"start":{"line":87,"column":12},"end":{"line":87,"column":13}},"loc":{"start":{"line":87,"column":26},"end":{"line":87,"column":35}},"line":87},"12":{"name":"(anonymous_12)","decl":{"start":{"line":88,"column":9},"end":{"line":88,"column":10}},"loc":{"start":{"line":88,"column":35},"end":{"line":92,"column":5}},"line":88},"13":{"name":"(anonymous_13)","decl":{"start":{"line":94,"column":40},"end":{"line":94,"column":41}},"loc":{"start":{"line":94,"column":46},"end":{"line":100,"column":7}},"line":94},"14":{"name":"(anonymous_14)","decl":{"start":{"line":95,"column":12},"end":{"line":95,"column":13}},"loc":{"start":{"line":95,"column":26},"end":{"line":95,"column":36}},"line":95},"15":{"name":"(anonymous_15)","decl":{"start":{"line":96,"column":9},"end":{"line":96,"column":10}},"loc":{"start":{"line":96,"column":35},"end":{"line":100,"column":5}},"line":96},"16":{"name":"(anonymous_16)","decl":{"start":{"line":102,"column":39},"end":{"line":102,"column":40}},"loc":{"start":{"line":102,"column":57},"end":{"line":104,"column":3}},"line":102},"17":{"name":"(anonymous_17)","decl":{"start":{"line":106,"column":46},"end":{"line":106,"column":47}},"loc":{"start":{"line":106,"column":58},"end":{"line":123,"column":3}},"line":106},"18":{"name":"(anonymous_18)","decl":{"start":{"line":128,"column":29},"end":{"line":128,"column":30}},"loc":{"start":{"line":128,"column":35},"end":{"line":128,"column":52}},"line":128},"19":{"name":"(anonymous_19)","decl":{"start":{"line":142,"column":26},"end":{"line":142,"column":27}},"loc":{"start":{"line":142,"column":40},"end":{"line":142,"column":51}},"line":142},"20":{"name":"(anonymous_20)","decl":{"start":{"line":143,"column":24},"end":{"line":143,"column":25}},"loc":{"start":{"line":144,"column":14},"end":{"line":155,"column":34}},"line":144},"21":{"name":"(anonymous_21)","decl":{"start":{"line":145,"column":25},"end":{"line":145,"column":26}},"loc":{"start":{"line":145,"column":31},"end":{"line":145,"column":64}},"line":145},"22":{"name":"(anonymous_22)","decl":{"start":{"line":184,"column":39},"end":{"line":184,"column":40}},"loc":{"start":{"line":185,"column":16},"end":{"line":198,"column":23}},"line":185},"23":{"name":"(anonymous_23)","decl":{"start":{"line":189,"column":27},"end":{"line":189,"column":28}},"loc":{"start":{"line":189,"column":33},"end":{"line":189,"column":55}},"line":189},"24":{"name":"(anonymous_24)","decl":{"start":{"line":203,"column":41},"end":{"line":203,"column":42}},"loc":{"start":{"line":204,"column":16},"end":{"line":217,"column":23}},"line":204},"25":{"name":"(anonymous_25)","decl":{"start":{"line":208,"column":27},"end":{"line":208,"column":28}},"loc":{"start":{"line":208,"column":33},"end":{"line":208,"column":55}},"line":208}},"branchMap":{"0":{"loc":{"start":{"line":67,"column":4},"end":{"line":69,"column":5}},"type":"if","locations":[{"start":{"line":67,"column":4},"end":{"line":69,"column":5}},{"start":{"line":67,"column":4},"end":{"line":69,"column":5}}],"line":67},"1":{"loc":{"start":{"line":71,"column":4},"end":{"line":71,"column":40}},"type":"if","locations":[{"start":{"line":71,"column":4},"end":{"line":71,"column":40}},{"start":{"line":71,"column":4},"end":{"line":71,"column":40}}],"line":71},"2":{"loc":{"start":{"line":166,"column":11},"end":{"line":175,"column":11}},"type":"binary-expr","locations":[{"start":{"line":166,"column":11},"end":{"line":166,"column":25}},{"start":{"line":167,"column":10},"end":{"line":174,"column":12}}],"line":166}},"s":{"0":0,"1":0,"2":0,"3":0,"4":0,"5":0,"6":0,"7":0,"8":0,"9":0,"10":0,"11":0,"12":0,"13":0,"14":0,"15":0,"16":0,"17":0,"18":0,"19":0,"20":0,"21":0,"22":0,"23":0,"24":0,"25":0,"26":0,"27":0,"28":0,"29":0,"30":0,"31":0,"32":0,"33":0,"34":0,"35":0,"36":0,"37":0,"38":0,"39":0,"40":0,"41":0,"42":0,"43":0,"44":0,"45":0,"46":0,"47":0,"48":0,"49":0,"50":0,"51":0,"52":0,"53":0,"54":0,"55":0},"f":{"0":0,"1":0,"2":0,"3":0,"4":0,"5":0,"6":0,"7":0,"8":0,"9":0,"10":0,"11":0,"12":0,"13":0,"14":0,"15":0,"16":0,"17":0,"18":0,"19":0,"20":0,"21":0,"22":0,"23":0,"24":0,"25":0},"b":{"0":[0,0],"1":[0,0],"2":[0,0]}}
,"/Users/caue/dev/gostack/nivel3/appgobarber/src/pages/Dashboard/index.tsx": {"path":"/Users/caue/dev/gostack/nivel3/appgobarber/src/pages/Dashboard/index.tsx","statementMap":{"0":{"start":{"line":26,"column":28},"end":{"line":93,"column":1}},"1":{"start":{"line":27,"column":36},"end":{"line":27,"column":60}},"2":{"start":{"line":28,"column":28},"end":{"line":28,"column":37}},"3":{"start":{"line":30,"column":23},"end":{"line":30,"column":38}},"4":{"start":{"line":32,"column":2},"end":{"line":36,"column":9}},"5":{"start":{"line":33,"column":4},"end":{"line":35,"column":7}},"6":{"start":{"line":34,"column":6},"end":{"line":34,"column":34}},"7":{"start":{"line":38,"column":28},"end":{"line":40,"column":16}},"8":{"start":{"line":39,"column":4},"end":{"line":39,"column":24}},"9":{"start":{"line":42,"column":38},"end":{"line":44,"column":16}},"10":{"start":{"line":43,"column":4},"end":{"line":43,"column":50}},"11":{"start":{"line":46,"column":2},"end":{"line":92,"column":4}},"12":{"start":{"line":63,"column":36},"end":{"line":63,"column":47}},"13":{"start":{"line":68,"column":10},"end":{"line":87,"column":30}},"14":{"start":{"line":68,"column":44},"end":{"line":68,"column":84}}},"fnMap":{"0":{"name":"(anonymous_0)","decl":{"start":{"line":26,"column":28},"end":{"line":26,"column":29}},"loc":{"start":{"line":26,"column":34},"end":{"line":93,"column":1}},"line":26},"1":{"name":"(anonymous_1)","decl":{"start":{"line":32,"column":12},"end":{"line":32,"column":13}},"loc":{"start":{"line":32,"column":18},"end":{"line":36,"column":3}},"line":32},"2":{"name":"(anonymous_2)","decl":{"start":{"line":33,"column":30},"end":{"line":33,"column":31}},"loc":{"start":{"line":33,"column":44},"end":{"line":35,"column":5}},"line":33},"3":{"name":"(anonymous_3)","decl":{"start":{"line":38,"column":40},"end":{"line":38,"column":41}},"loc":{"start":{"line":38,"column":46},"end":{"line":40,"column":3}},"line":38},"4":{"name":"(anonymous_4)","decl":{"start":{"line":42,"column":50},"end":{"line":42,"column":51}},"loc":{"start":{"line":42,"column":74},"end":{"line":44,"column":3}},"line":42},"5":{"name":"(anonymous_5)","decl":{"start":{"line":63,"column":22},"end":{"line":63,"column":23}},"loc":{"start":{"line":63,"column":36},"end":{"line":63,"column":47}},"line":63},"6":{"name":"(anonymous_6)","decl":{"start":{"line":67,"column":20},"end":{"line":67,"column":21}},"loc":{"start":{"line":68,"column":10},"end":{"line":87,"column":30}},"line":68},"7":{"name":"(anonymous_7)","decl":{"start":{"line":68,"column":38},"end":{"line":68,"column":39}},"loc":{"start":{"line":68,"column":44},"end":{"line":68,"column":84}},"line":68}},"branchMap":{},"s":{"0":0,"1":0,"2":0,"3":0,"4":0,"5":0,"6":0,"7":0,"8":0,"9":0,"10":0,"11":0,"12":0,"13":0,"14":0},"f":{"0":0,"1":0,"2":0,"3":0,"4":0,"5":0,"6":0,"7":0},"b":{}}
,"/Users/caue/dev/gostack/nivel3/appgobarber/src/pages/Profile/index.tsx": {"path":"/Users/caue/dev/gostack/nivel3/appgobarber/src/pages/Profile/index.tsx","statementMap":{"0":{"start":{"line":33,"column":25},"end":{"line":251,"column":1}},"1":{"start":{"line":34,"column":31},"end":{"line":34,"column":40}},"2":{"start":{"line":36,"column":18},"end":{"line":36,"column":43}},"3":{"start":{"line":37,"column":21},"end":{"line":37,"column":36}},"4":{"start":{"line":38,"column":24},"end":{"line":38,"column":47}},"5":{"start":{"line":39,"column":30},"end":{"line":39,"column":53}},"6":{"start":{"line":40,"column":30},"end":{"line":40,"column":53}},"7":{"start":{"line":41,"column":34},"end":{"line":41,"column":57}},"8":{"start":{"line":43,"column":23},"end":{"line":114,"column":3}},"9":{"start":{"line":45,"column":6},"end":{"line":111,"column":7}},"10":{"start":{"line":46,"column":8},"end":{"line":46,"column":39}},"11":{"start":{"line":47,"column":23},"end":{"line":65,"column":10}},"12":{"start":{"line":54,"column":25},"end":{"line":54,"column":37}},"13":{"start":{"line":60,"column":27},"end":{"line":60,"column":39}},"14":{"start":{"line":67,"column":8},"end":{"line":69,"column":11}},"15":{"start":{"line":77,"column":12},"end":{"line":77,"column":16}},"16":{"start":{"line":79,"column":25},"end":{"line":89,"column":9}},"17":{"start":{"line":91,"column":25},"end":{"line":91,"column":60}},"18":{"start":{"line":93,"column":8},"end":{"line":93,"column":34}},"19":{"start":{"line":95,"column":8},"end":{"line":95,"column":42}},"20":{"start":{"line":97,"column":8},"end":{"line":97,"column":28}},"21":{"start":{"line":99,"column":8},"end":{"line":106,"column":9}},"22":{"start":{"line":100,"column":25},"end":{"line":100,"column":49}},"23":{"start":{"line":101,"column":10},"end":{"line":101,"column":45}},"24":{"start":{"line":103,"column":10},"end":{"line":103,"column":27}},"25":{"start":{"line":105,"column":10},"end":{"line":105,"column":17}},"26":{"start":{"line":108,"column":8},"end":{"line":110,"column":10}},"27":{"start":{"line":116,"column":23},"end":{"line":118,"column":18}},"28":{"start":{"line":117,"column":4},"end":{"line":117,"column":24}},"29":{"start":{"line":120,"column":29},"end":{"line":150,"column":27}},"30":{"start":{"line":121,"column":4},"end":{"line":149,"column":7}},"31":{"start":{"line":127,"column":6},"end":{"line":129,"column":7}},"32":{"start":{"line":128,"column":8},"end":{"line":128,"column":15}},"33":{"start":{"line":131,"column":6},"end":{"line":134,"column":7}},"34":{"start":{"line":132,"column":8},"end":{"line":132,"column":49}},"35":{"start":{"line":133,"column":8},"end":{"line":133,"column":15}},"36":{"start":{"line":138,"column":19},"end":{"line":138,"column":33}},"37":{"start":{"line":140,"column":6},"end":{"line":144,"column":9}},"38":{"start":{"line":146,"column":6},"end":{"line":148,"column":9}},"39":{"start":{"line":147,"column":8},"end":{"line":147,"column":37}},"40":{"start":{"line":152,"column":2},"end":{"line":250,"column":4}},"41":{"start":{"line":182,"column":18},"end":{"line":182,"column":49}},"42":{"start":{"line":195,"column":18},"end":{"line":195,"column":55}},"43":{"start":{"line":208,"column":18},"end":{"line":208,"column":55}},"44":{"start":{"line":221,"column":18},"end":{"line":221,"column":59}},"45":{"start":{"line":234,"column":18},"end":{"line":234,"column":48}},"46":{"start":{"line":240,"column":16},"end":{"line":240,"column":46}}},"fnMap":{"0":{"name":"(anonymous_0)","decl":{"start":{"line":33,"column":25},"end":{"line":33,"column":26}},"loc":{"start":{"line":33,"column":31},"end":{"line":251,"column":1}},"line":33},"1":{"name":"(anonymous_1)","decl":{"start":{"line":44,"column":4},"end":{"line":44,"column":5}},"loc":{"start":{"line":44,"column":37},"end":{"line":112,"column":5}},"line":44},"2":{"name":"(anonymous_2)","decl":{"start":{"line":54,"column":16},"end":{"line":54,"column":17}},"loc":{"start":{"line":54,"column":25},"end":{"line":54,"column":37}},"line":54},"3":{"name":"(anonymous_3)","decl":{"start":{"line":60,"column":18},"end":{"line":60,"column":19}},"loc":{"start":{"line":60,"column":27},"end":{"line":60,"column":39}},"line":60},"4":{"name":"(anonymous_4)","decl":{"start":{"line":116,"column":35},"end":{"line":116,"column":36}},"loc":{"start":{"line":116,"column":41},"end":{"line":118,"column":3}},"line":116},"5":{"name":"(anonymous_5)","decl":{"start":{"line":120,"column":41},"end":{"line":120,"column":42}},"loc":{"start":{"line":120,"column":47},"end":{"line":150,"column":3}},"line":120},"6":{"name":"(anonymous_6)","decl":{"start":{"line":126,"column":7},"end":{"line":126,"column":8}},"loc":{"start":{"line":126,"column":21},"end":{"line":149,"column":5}},"line":126},"7":{"name":"(anonymous_7)","decl":{"start":{"line":146,"column":43},"end":{"line":146,"column":44}},"loc":{"start":{"line":146,"column":60},"end":{"line":148,"column":7}},"line":146},"8":{"name":"(anonymous_8)","decl":{"start":{"line":181,"column":33},"end":{"line":181,"column":34}},"loc":{"start":{"line":181,"column":39},"end":{"line":183,"column":17}},"line":181},"9":{"name":"(anonymous_9)","decl":{"start":{"line":194,"column":33},"end":{"line":194,"column":34}},"loc":{"start":{"line":194,"column":39},"end":{"line":196,"column":17}},"line":194},"10":{"name":"(anonymous_10)","decl":{"start":{"line":207,"column":33},"end":{"line":207,"column":34}},"loc":{"start":{"line":207,"column":39},"end":{"line":209,"column":17}},"line":207},"11":{"name":"(anonymous_11)","decl":{"start":{"line":220,"column":33},"end":{"line":220,"column":34}},"loc":{"start":{"line":220,"column":39},"end":{"line":222,"column":17}},"line":220},"12":{"name":"(anonymous_12)","decl":{"start":{"line":233,"column":33},"end":{"line":233,"column":34}},"loc":{"start":{"line":233,"column":39},"end":{"line":235,"column":17}},"line":233},"13":{"name":"(anonymous_13)","decl":{"start":{"line":239,"column":29},"end":{"line":239,"column":30}},"loc":{"start":{"line":239,"column":35},"end":{"line":241,"column":13}},"line":239}},"branchMap":{"0":{"loc":{"start":{"line":82,"column":14},"end":{"line":87,"column":13}},"type":"binary-expr","locations":[{"start":{"line":82,"column":14},"end":{"line":82,"column":25}},{"start":{"line":83,"column":15},"end":{"line":87,"column":13}}],"line":82},"1":{"loc":{"start":{"line":99,"column":8},"end":{"line":106,"column":9}},"type":"if","locations":[{"start":{"line":99,"column":8},"end":{"line":106,"column":9}},{"start":{"line":99,"column":8},"end":{"line":106,"column":9}}],"line":99},"2":{"loc":{"start":{"line":127,"column":6},"end":{"line":129,"column":7}},"type":"if","locations":[{"start":{"line":127,"column":6},"end":{"line":129,"column":7}},{"start":{"line":127,"column":6},"end":{"line":129,"column":7}}],"line":127},"3":{"loc":{"start":{"line":131,"column":6},"end":{"line":134,"column":7}},"type":"if","locations":[{"start":{"line":131,"column":6},"end":{"line":134,"column":7}},{"start":{"line":131,"column":6},"end":{"line":134,"column":7}}],"line":131},"4":{"loc":{"start":{"line":156,"column":18},"end":{"line":156,"column":63}},"type":"cond-expr","locations":[{"start":{"line":156,"column":42},"end":{"line":156,"column":51}},{"start":{"line":156,"column":54},"end":{"line":156,"column":63}}],"line":156}},"s":{"0":0,"1":0,"2":0,"3":0,"4":0,"5":0,"6":0,"7":0,"8":0,"9":0,"10":0,"11":0,"12":0,"13":0,"14":0,"15":0,"16":0,"17":0,"18":0,"19":0,"20":0,"21":0,"22":0,"23":0,"24":0,"25":0,"26":0,"27":0,"28":0,"29":0,"30":0,"31":0,"32":0,"33":0,"34":0,"35":0,"36":0,"37":0,"38":0,"39":0,"40":0,"41":0,"42":0,"43":0,"44":0,"45":0,"46":0},"f":{"0":0,"1":0,"2":0,"3":0,"4":0,"5":0,"6":0,"7":0,"8":0,"9":0,"10":0,"11":0,"12":0,"13":0},"b":{"0":[0,0],"1":[0,0],"2":[0,0],"3":[0,0],"4":[0,0]}}
,"/Users/caue/dev/gostack/nivel3/appgobarber/src/pages/SignIn/index.tsx": {"path":"/Users/caue/dev/gostack/nivel3/appgobarber/src/pages/SignIn/index.tsx","statementMap":{"0":{"start":{"line":32,"column":25},"end":{"line":137,"column":1}},"1":{"start":{"line":33,"column":21},"end":{"line":33,"column":36}},"2":{"start":{"line":34,"column":27},"end":{"line":34,"column":36}},"3":{"start":{"line":35,"column":2},"end":{"line":35,"column":20}},"4":{"start":{"line":37,"column":18},"end":{"line":37,"column":43}},"5":{"start":{"line":38,"column":27},"end":{"line":38,"column":50}},"6":{"start":{"line":40,"column":23},"end":{"line":72,"column":3}},"7":{"start":{"line":42,"column":6},"end":{"line":69,"column":7}},"8":{"start":{"line":43,"column":8},"end":{"line":43,"column":39}},"9":{"start":{"line":44,"column":23},"end":{"line":49,"column":10}},"10":{"start":{"line":51,"column":8},"end":{"line":53,"column":11}},"11":{"start":{"line":54,"column":8},"end":{"line":57,"column":11}},"12":{"start":{"line":59,"column":8},"end":{"line":64,"column":9}},"13":{"start":{"line":60,"column":25},"end":{"line":60,"column":49}},"14":{"start":{"line":61,"column":10},"end":{"line":61,"column":45}},"15":{"start":{"line":63,"column":10},"end":{"line":63,"column":17}},"16":{"start":{"line":66,"column":8},"end":{"line":68,"column":10}},"17":{"start":{"line":73,"column":2},"end":{"line":136,"column":4}},"18":{"start":{"line":100,"column":18},"end":{"line":100,"column":52}},"19":{"start":{"line":111,"column":18},"end":{"line":111,"column":48}},"20":{"start":{"line":117,"column":16},"end":{"line":117,"column":46}},"21":{"start":{"line":130,"column":44},"end":{"line":130,"column":74}}},"fnMap":{"0":{"name":"(anonymous_0)","decl":{"start":{"line":32,"column":25},"end":{"line":32,"column":26}},"loc":{"start":{"line":32,"column":31},"end":{"line":137,"column":1}},"line":32},"1":{"name":"(anonymous_1)","decl":{"start":{"line":41,"column":4},"end":{"line":41,"column":5}},"loc":{"start":{"line":41,"column":36},"end":{"line":70,"column":5}},"line":41},"2":{"name":"(anonymous_2)","decl":{"start":{"line":99,"column":33},"end":{"line":99,"column":34}},"loc":{"start":{"line":99,"column":39},"end":{"line":101,"column":17}},"line":99},"3":{"name":"(anonymous_3)","decl":{"start":{"line":110,"column":33},"end":{"line":110,"column":34}},"loc":{"start":{"line":110,"column":39},"end":{"line":112,"column":17}},"line":110},"4":{"name":"(anonymous_4)","decl":{"start":{"line":116,"column":29},"end":{"line":116,"column":30}},"loc":{"start":{"line":116,"column":35},"end":{"line":118,"column":13}},"line":116},"5":{"name":"(anonymous_5)","decl":{"start":{"line":122,"column":37},"end":{"line":122,"column":38}},"loc":{"start":{"line":122,"column":43},"end":{"line":122,"column":45}},"line":122},"6":{"name":"(anonymous_6)","decl":{"start":{"line":130,"column":36},"end":{"line":130,"column":37}},"loc":{"start":{"line":130,"column":42},"end":{"line":130,"column":76}},"line":130}},"branchMap":{"0":{"loc":{"start":{"line":59,"column":8},"end":{"line":64,"column":9}},"type":"if","locations":[{"start":{"line":59,"column":8},"end":{"line":64,"column":9}},{"start":{"line":59,"column":8},"end":{"line":64,"column":9}}],"line":59},"1":{"loc":{"start":{"line":77,"column":18},"end":{"line":77,"column":63}},"type":"cond-expr","locations":[{"start":{"line":77,"column":42},"end":{"line":77,"column":51}},{"start":{"line":77,"column":54},"end":{"line":77,"column":63}}],"line":77}},"s":{"0":1,"1":1,"2":1,"3":1,"4":1,"5":1,"6":1,"7":0,"8":0,"9":0,"10":0,"11":0,"12":0,"13":0,"14":0,"15":0,"16":0,"17":1,"18":0,"19":0,"20":0,"21":0},"f":{"0":1,"1":0,"2":0,"3":0,"4":0,"5":0,"6":0},"b":{"0":[0,0],"1":[1,0]},"_coverageSchema":"1a1c01bbd47fc00a2c39e90264f33305004495a9","hash":"17aa80a9552b926183b25b61e89fd2b923299e51"}
,"/Users/caue/dev/gostack/nivel3/appgobarber/src/pages/SignUp/index.tsx": {"path":"/Users/caue/dev/gostack/nivel3/appgobarber/src/pages/SignUp/index.tsx","statementMap":{"0":{"start":{"line":24,"column":25},"end":{"line":155,"column":1}},"1":{"start":{"line":25,"column":18},"end":{"line":25,"column":43}},"2":{"start":{"line":26,"column":21},"end":{"line":26,"column":36}},"3":{"start":{"line":27,"column":24},"end":{"line":27,"column":47}},"4":{"start":{"line":28,"column":27},"end":{"line":28,"column":50}},"5":{"start":{"line":36,"column":23},"end":{"line":81,"column":3}},"6":{"start":{"line":38,"column":6},"end":{"line":78,"column":7}},"7":{"start":{"line":39,"column":8},"end":{"line":39,"column":39}},"8":{"start":{"line":40,"column":23},"end":{"line":46,"column":10}},"9":{"start":{"line":48,"column":8},"end":{"line":50,"column":11}},"10":{"start":{"line":52,"column":8},"end":{"line":52,"column":39}},"11":{"start":{"line":54,"column":8},"end":{"line":54,"column":67}},"12":{"start":{"line":56,"column":8},"end":{"line":56,"column":38}},"13":{"start":{"line":64,"column":8},"end":{"line":67,"column":9}},"14":{"start":{"line":65,"column":25},"end":{"line":65,"column":49}},"15":{"start":{"line":66,"column":10},"end":{"line":66,"column":45}},"16":{"start":{"line":69,"column":8},"end":{"line":71,"column":10}},"17":{"start":{"line":83,"column":2},"end":{"line":154,"column":4}},"18":{"start":{"line":108,"column":18},"end":{"line":108,"column":49}},"19":{"start":{"line":121,"column":18},"end":{"line":121,"column":52}},"20":{"start":{"line":133,"column":18},"end":{"line":133,"column":48}},"21":{"start":{"line":139,"column":16},"end":{"line":139,"column":46}},"22":{"start":{"line":148,"column":43},"end":{"line":148,"column":63}}},"fnMap":{"0":{"name":"(anonymous_0)","decl":{"start":{"line":24,"column":25},"end":{"line":24,"column":26}},"loc":{"start":{"line":24,"column":31},"end":{"line":155,"column":1}},"line":24},"1":{"name":"(anonymous_1)","decl":{"start":{"line":37,"column":4},"end":{"line":37,"column":5}},"loc":{"start":{"line":37,"column":36},"end":{"line":79,"column":5}},"line":37},"2":{"name":"(anonymous_2)","decl":{"start":{"line":107,"column":33},"end":{"line":107,"column":34}},"loc":{"start":{"line":107,"column":39},"end":{"line":109,"column":17}},"line":107},"3":{"name":"(anonymous_3)","decl":{"start":{"line":120,"column":33},"end":{"line":120,"column":34}},"loc":{"start":{"line":120,"column":39},"end":{"line":122,"column":17}},"line":120},"4":{"name":"(anonymous_4)","decl":{"start":{"line":132,"column":33},"end":{"line":132,"column":34}},"loc":{"start":{"line":132,"column":39},"end":{"line":134,"column":17}},"line":132},"5":{"name":"(anonymous_5)","decl":{"start":{"line":138,"column":29},"end":{"line":138,"column":30}},"loc":{"start":{"line":138,"column":35},"end":{"line":140,"column":13}},"line":138},"6":{"name":"(anonymous_6)","decl":{"start":{"line":148,"column":35},"end":{"line":148,"column":36}},"loc":{"start":{"line":148,"column":41},"end":{"line":148,"column":65}},"line":148}},"branchMap":{"0":{"loc":{"start":{"line":64,"column":8},"end":{"line":67,"column":9}},"type":"if","locations":[{"start":{"line":64,"column":8},"end":{"line":67,"column":9}},{"start":{"line":64,"column":8},"end":{"line":67,"column":9}}],"line":64},"1":{"loc":{"start":{"line":87,"column":18},"end":{"line":87,"column":63}},"type":"cond-expr","locations":[{"start":{"line":87,"column":42},"end":{"line":87,"column":51}},{"start":{"line":87,"column":54},"end":{"line":87,"column":63}}],"line":87}},"s":{"0":0,"1":0,"2":0,"3":0,"4":0,"5":0,"6":0,"7":0,"8":0,"9":0,"10":0,"11":0,"12":0,"13":0,"14":0,"15":0,"16":0,"17":0,"18":0,"19":0,"20":0,"21":0,"22":0},"f":{"0":0,"1":0,"2":0,"3":0,"4":0,"5":0,"6":0},"b":{"0":[0,0],"1":[0,0]}}
}
